EDA Netlist Writer report for USB2_SDRAM_Project
Sun Jun 03 15:45:06 2018
Quartus II 64-Bit Version 11.0 Build 208 07/03/2011 Service Pack 1 SJ Full Version


---------------------
; Table of Contents ;
---------------------
  1. Legal Notice
  2. EDA Netlist Writer Summary
  3. Simulation Settings
  4. Simulation Generated Files
  5. EDA Netlist Writer Messages



----------------
; Legal Notice ;
----------------
Copyright (C) 1991-2011 Altera Corporation
Your use of Altera Corporation's design tools, logic functions 
and other software and tools, and its AMPP partner logic 
functions, and any output files from any of the foregoing 
(including device programming or simulation files), and any 
associated documentation or information are expressly subject 
to the terms and conditions of the Altera Program License 
Subscription Agreement, Altera MegaCore Function License 
Agreement, or other applicable license agreement, including, 
without limitation, that your use is for the sole purpose of 
programming logic devices manufactured by Altera and sold by 
Altera or its authorized distributors.  Please refer to the 
applicable agreement for further details.



+-------------------------------------------------------------------+
; EDA Netlist Writer Summary                                        ;
+---------------------------+---------------------------------------+
; EDA Netlist Writer Status ; Successful - Sun Jun 03 15:45:06 2018 ;
; Revision Name             ; USB2_SDRAM_Project                    ;
; Top-level Entity Name     ; USB2_SDRAM_Project                    ;
; Family                    ; Cyclone IV E                          ;
; Simulation Files Creation ; Successful                            ;
+---------------------------+---------------------------------------+


+---------------------------------------------------------------------------------------------------------------------+
; Simulation Settings                                                                                                 ;
+---------------------------------------------------------------------------------------------------+-----------------+
; Option                                                                                            ; Setting         ;
+---------------------------------------------------------------------------------------------------+-----------------+
; Tool Name                                                                                         ; ModelSim (VHDL) ;
; Generate netlist for functional simulation only                                                   ; Off             ;
; Time scale                                                                                        ; 1 ps            ;
; Truncate long hierarchy paths                                                                     ; Off             ;
; Map illegal HDL characters                                                                        ; Off             ;
; Flatten buses into individual nodes                                                               ; Off             ;
; Maintain hierarchy                                                                                ; Off             ;
; Bring out device-wide set/reset signals as ports                                                  ; Off             ;
; Enable glitch filtering                                                                           ; Off             ;
; Do not write top level VHDL entity                                                                ; Off             ;
; Disable detection of setup and hold time violations in the input registers of bi-directional pins ; Off             ;
; Architecture name in VHDL output netlist                                                          ; structure       ;
; Generate third-party EDA tool command script for RTL functional simulation                        ; Off             ;
; Generate third-party EDA tool command script for gate-level simulation                            ; Off             ;
+---------------------------------------------------------------------------------------------------+-----------------+


+---------------------------------------------------------------------------------------------------+
; Simulation Generated Files                                                                        ;
+---------------------------------------------------------------------------------------------------+
; Generated Files                                                                                   ;
+---------------------------------------------------------------------------------------------------+
; E:/myfile/CTS1000/FPGA/FPGA_V21/simulation/modelsim/USB2_SDRAM_Project_8_1200mv_85c_slow.vho      ;
; E:/myfile/CTS1000/FPGA/FPGA_V21/simulation/modelsim/USB2_SDRAM_Project_8_1200mv_0c_slow.vho       ;
; E:/myfile/CTS1000/FPGA/FPGA_V21/simulation/modelsim/USB2_SDRAM_Project_min_1200mv_0c_fast.vho     ;
; E:/myfile/CTS1000/FPGA/FPGA_V21/simulation/modelsim/USB2_SDRAM_Project.vho                        ;
; E:/myfile/CTS1000/FPGA/FPGA_V21/simulation/modelsim/USB2_SDRAM_Project_8_1200mv_85c_vhd_slow.sdo  ;
; E:/myfile/CTS1000/FPGA/FPGA_V21/simulation/modelsim/USB2_SDRAM_Project_8_1200mv_0c_vhd_slow.sdo   ;
; E:/myfile/CTS1000/FPGA/FPGA_V21/simulation/modelsim/USB2_SDRAM_Project_min_1200mv_0c_vhd_fast.sdo ;
; E:/myfile/CTS1000/FPGA/FPGA_V21/simulation/modelsim/USB2_SDRAM_Project_vhd.sdo                    ;
+---------------------------------------------------------------------------------------------------+


+-----------------------------+
; EDA Netlist Writer Messages ;
+-----------------------------+
Info: *******************************************************************
Info: Running Quartus II 64-Bit EDA Netlist Writer
    Info: Version 11.0 Build 208 07/03/2011 Service Pack 1 SJ Full Version
    Info: Processing started: Sun Jun 03 15:45:03 2018
Info: Command: quartus_eda --read_settings_files=off --write_settings_files=off USB2_SDRAM_Project -c USB2_SDRAM_Project
Info: Generated simulation netlist will be non-hierarchical because the design has SignalTap II partitions, termination control logic and/or a design partition that contains bidirectional ports
Info: Generated file USB2_SDRAM_Project_8_1200mv_85c_slow.vho in folder "E:/myfile/CTS1000/FPGA/FPGA_V21/simulation/modelsim/" for EDA simulation tool
Info: Generated file USB2_SDRAM_Project_8_1200mv_0c_slow.vho in folder "E:/myfile/CTS1000/FPGA/FPGA_V21/simulation/modelsim/" for EDA simulation tool
Info: Generated file USB2_SDRAM_Project_min_1200mv_0c_fast.vho in folder "E:/myfile/CTS1000/FPGA/FPGA_V21/simulation/modelsim/" for EDA simulation tool
Info: Generated file USB2_SDRAM_Project.vho in folder "E:/myfile/CTS1000/FPGA/FPGA_V21/simulation/modelsim/" for EDA simulation tool
Info: Generated file USB2_SDRAM_Project_8_1200mv_85c_vhd_slow.sdo in folder "E:/myfile/CTS1000/FPGA/FPGA_V21/simulation/modelsim/" for EDA simulation tool
Info: Generated file USB2_SDRAM_Project_8_1200mv_0c_vhd_slow.sdo in folder "E:/myfile/CTS1000/FPGA/FPGA_V21/simulation/modelsim/" for EDA simulation tool
Info: Generated file USB2_SDRAM_Project_min_1200mv_0c_vhd_fast.sdo in folder "E:/myfile/CTS1000/FPGA/FPGA_V21/simulation/modelsim/" for EDA simulation tool
Info: Generated file USB2_SDRAM_Project_vhd.sdo in folder "E:/myfile/CTS1000/FPGA/FPGA_V21/simulation/modelsim/" for EDA simulation tool
Info: Quartus II 64-Bit EDA Netlist Writer was successful. 0 errors, 0 warnings
    Info: Peak virtual memory: 319 megabytes
    Info: Processing ended: Sun Jun 03 15:45:06 2018
    Info: Elapsed time: 00:00:03
    Info: Total CPU time (on all processors): 00:00:02


