Flow report for USB2_SDRAM_Project
Sun Jun 03 15:45:06 2018
Quartus II 64-Bit Version 11.0 Build 208 07/03/2011 Service Pack 1 SJ Full Version


---------------------
; Table of Contents ;
---------------------
  1. Legal Notice
  2. Flow Summary
  3. Flow Settings
  4. Flow Non-Default Global Settings
  5. Flow Elapsed Time
  6. Flow OS Summary
  7. Flow Log



----------------
; Legal Notice ;
----------------
Copyright (C) 1991-2011 Altera Corporation
Your use of Altera Corporation's design tools, logic functions 
and other software and tools, and its AMPP partner logic 
functions, and any output files from any of the foregoing 
(including device programming or simulation files), and any 
associated documentation or information are expressly subject 
to the terms and conditions of the Altera Program License 
Subscription Agreement, Altera MegaCore Function License 
Agreement, or other applicable license agreement, including, 
without limitation, that your use is for the sole purpose of 
programming logic devices manufactured by Altera and sold by 
Altera or its authorized distributors.  Please refer to the 
applicable agreement for further details.



+-------------------------------------------------------------------------------------+
; Flow Summary                                                                        ;
+------------------------------------+------------------------------------------------+
; Flow Status                        ; Successful - Sun Jun 03 15:45:06 2018          ;
; Quartus II 64-Bit Version          ; 11.0 Build 208 07/03/2011 SP 1 SJ Full Version ;
; Revision Name                      ; USB2_SDRAM_Project                             ;
; Top-level Entity Name              ; USB2_SDRAM_Project                             ;
; Family                             ; Cyclone IV E                                   ;
; Device                             ; EP4CE10F17C8                                   ;
; Timing Models                      ; Final                                          ;
; Total logic elements               ; 793 / 10,320 ( 8 % )                           ;
;     Total combinational functions  ; 735 / 10,320 ( 7 % )                           ;
;     Dedicated logic registers      ; 416 / 10,320 ( 4 % )                           ;
; Total registers                    ; 416                                            ;
; Total pins                         ; 135 / 180 ( 75 % )                             ;
; Total virtual pins                 ; 0                                              ;
; Total memory bits                  ; 65,536 / 423,936 ( 15 % )                      ;
; Embedded Multiplier 9-bit elements ; 0 / 46 ( 0 % )                                 ;
; Total PLLs                         ; 1 / 2 ( 50 % )                                 ;
+------------------------------------+------------------------------------------------+


+-----------------------------------------+
; Flow Settings                           ;
+-------------------+---------------------+
; Option            ; Setting             ;
+-------------------+---------------------+
; Start date & time ; 06/03/2018 15:44:38 ;
; Main task         ; Compilation         ;
; Revision Name     ; USB2_SDRAM_Project  ;
+-------------------+---------------------+


+-----------------------------------------------------------------------------------------------------------------------------------------------------------+
; Flow Non-Default Global Settings                                                                                                                          ;
+--------------------------------------+----------------------------------------------------------------+---------------+-------------+---------------------+
; Assignment Name                      ; Value                                                          ; Default Value ; Entity Name ; Section Id          ;
+--------------------------------------+----------------------------------------------------------------+---------------+-------------+---------------------+
; AUTO_GLOBAL_MEMORY_CONTROLS          ; On                                                             ; Off           ; --          ; --                  ;
; COMPILER_SIGNATURE_ID                ; 88491846796227.152801187810024                                 ; --            ; --          ; --                  ;
; CYCLONEII_OPTIMIZATION_TECHNIQUE     ; Speed                                                          ; Balanced      ; --          ; --                  ;
; EDA_DESIGN_INSTANCE_NAME             ; i1                                                             ; --            ; --          ; CTSV21TEST          ;
; EDA_NATIVELINK_SIMULATION_TEST_BENCH ; CTSV21TEST                                                     ; --            ; --          ; eda_simulation      ;
; EDA_OUTPUT_DATA_FORMAT               ; Vhdl                                                           ; --            ; --          ; eda_simulation      ;
; EDA_OUTPUT_DATA_FORMAT               ; None                                                           ; --            ; --          ; eda_timing_analysis ;
; EDA_SIMULATION_TOOL                  ; ModelSim (VHDL)                                                ; <None>        ; --          ; --                  ;
; EDA_TEST_BENCH_ENABLE_STATUS         ; TEST_BENCH_MODE                                                ; --            ; --          ; eda_simulation      ;
; EDA_TEST_BENCH_FILE                  ; simulation/modelsim/USB2_SDRAM_Project.vht                     ; --            ; --          ; CTSV21TEST          ;
; EDA_TEST_BENCH_MODULE_NAME           ; CTSV21TEST                                                     ; --            ; --          ; CTSV21TEST          ;
; EDA_TEST_BENCH_NAME                  ; CTSV21TEST                                                     ; --            ; --          ; eda_simulation      ;
; EDA_TEST_BENCH_RUN_SIM_FOR           ; 5 s                                                            ; --            ; --          ; CTSV21TEST          ;
; EDA_TIME_SCALE                       ; 1 ps                                                           ; --            ; --          ; eda_simulation      ;
; EDA_TIME_SCALE                       ; 1 ps                                                           ; --            ; --          ; eda_timing_analysis ;
; ENABLE_SIGNALTAP                     ; On                                                             ; --            ; --          ; --                  ;
; FITTER_EFFORT                        ; Standard Fit                                                   ; Auto Fit      ; --          ; --                  ;
; IP_TOOL_NAME                         ; ALTPLL                                                         ; --            ; --          ; --                  ;
; IP_TOOL_NAME                         ; FIFO                                                           ; --            ; --          ; --                  ;
; IP_TOOL_VERSION                      ; 11.0                                                           ; --            ; --          ; --                  ;
; IP_TOOL_VERSION                      ; 11.0                                                           ; --            ; --          ; --                  ;
; MAX_CORE_JUNCTION_TEMP               ; 85                                                             ; --            ; --          ; --                  ;
; MIN_CORE_JUNCTION_TEMP               ; 0                                                              ; --            ; --          ; --                  ;
; MISC_FILE                            ; D:/Project/Temp/USB2_SDRAM_Project/USB2_SDRAM_Project.dpf      ; --            ; --          ; --                  ;
; MISC_FILE                            ; F:/USB2_SDRAM_Project/USB2_SDRAM_Project.dpf                   ; --            ; --          ; --                  ;
; MISC_FILE                            ; C:/USB2_SDRAM_Project/USB2_SDRAM_Project.dpf                   ; --            ; --          ; --                  ;
; MISC_FILE                            ; C:/Users/ZYN/Desktop/USB2_SDRAM_Project/USB2_SDRAM_Project.dpf ; --            ; --          ; --                  ;
; MISC_FILE                            ; PLL_Core.cmp                                                   ; --            ; --          ; --                  ;
; MISC_FILE                            ; PLL_Core.ppf                                                   ; --            ; --          ; --                  ;
; MISC_FILE                            ; FIFO_Core.cmp                                                  ; --            ; --          ; --                  ;
; OUTPUT_IO_TIMING_FAR_END_VMEAS       ; Half Signal Swing                                              ; --            ; --          ; --                  ;
; OUTPUT_IO_TIMING_FAR_END_VMEAS       ; Half Signal Swing                                              ; --            ; --          ; --                  ;
; OUTPUT_IO_TIMING_NEAR_END_VMEAS      ; Half Vccio                                                     ; --            ; --          ; --                  ;
; OUTPUT_IO_TIMING_NEAR_END_VMEAS      ; Half Vccio                                                     ; --            ; --          ; --                  ;
; PARTITION_COLOR                      ; 16764057                                                       ; --            ; --          ; Top                 ;
; PARTITION_FITTER_PRESERVATION_LEVEL  ; PLACEMENT_AND_ROUTING                                          ; --            ; --          ; Top                 ;
; PARTITION_NETLIST_TYPE               ; SOURCE                                                         ; --            ; --          ; Top                 ;
; POWER_BOARD_THERMAL_MODEL            ; None (CONSERVATIVE)                                            ; --            ; --          ; --                  ;
; POWER_PRESET_COOLING_SOLUTION        ; 23 MM HEAT SINK WITH 200 LFPM AIRFLOW                          ; --            ; --          ; --                  ;
; USE_GENERATED_PHYSICAL_CONSTRAINTS   ; Off                                                            ; --            ; --          ; eda_blast_fpga      ;
; USE_SIGNALTAP_FILE                   ; stp1.stp                                                       ; --            ; --          ; --                  ;
; VHDL_INPUT_VERSION                   ; VHDL_2008                                                      ; VHDL_1993     ; --          ; --                  ;
; VHDL_SHOW_LMF_MAPPING_MESSAGES       ; Off                                                            ; --            ; --          ; --                  ;
+--------------------------------------+----------------------------------------------------------------+---------------+-------------+---------------------+


+-------------------------------------------------------------------------------------------------------------------------------+
; Flow Elapsed Time                                                                                                             ;
+---------------------------+--------------+-------------------------+---------------------+------------------------------------+
; Module Name               ; Elapsed Time ; Average Processors Used ; Peak Virtual Memory ; Total CPU Time (on all processors) ;
+---------------------------+--------------+-------------------------+---------------------+------------------------------------+
; Analysis & Synthesis      ; 00:00:07     ; 1.0                     ; 418 MB              ; 00:00:06                           ;
; Fitter                    ; 00:00:08     ; 1.3                     ; 496 MB              ; 00:00:09                           ;
; Assembler                 ; 00:00:02     ; 1.0                     ; 323 MB              ; 00:00:01                           ;
; TimeQuest Timing Analyzer ; 00:00:06     ; 1.0                     ; 391 MB              ; 00:00:06                           ;
; EDA Netlist Writer        ; 00:00:03     ; 1.0                     ; 307 MB              ; 00:00:02                           ;
; Total                     ; 00:00:26     ; --                      ; --                  ; 00:00:24                           ;
+---------------------------+--------------+-------------------------+---------------------+------------------------------------+


+----------------------------------------------------------------------------------------+
; Flow OS Summary                                                                        ;
+---------------------------+------------------+-----------+------------+----------------+
; Module Name               ; Machine Hostname ; OS Name   ; OS Version ; Processor type ;
+---------------------------+------------------+-----------+------------+----------------+
; Analysis & Synthesis      ; USER-20150616LW  ; Windows 7 ; 6.1        ; x86_64         ;
; Fitter                    ; USER-20150616LW  ; Windows 7 ; 6.1        ; x86_64         ;
; Assembler                 ; USER-20150616LW  ; Windows 7 ; 6.1        ; x86_64         ;
; TimeQuest Timing Analyzer ; USER-20150616LW  ; Windows 7 ; 6.1        ; x86_64         ;
; EDA Netlist Writer        ; USER-20150616LW  ; Windows 7 ; 6.1        ; x86_64         ;
+---------------------------+------------------+-----------+------------+----------------+


------------
; Flow Log ;
------------
quartus_map --read_settings_files=on --write_settings_files=off USB2_SDRAM_Project -c USB2_SDRAM_Project
quartus_fit --read_settings_files=off --write_settings_files=off USB2_SDRAM_Project -c USB2_SDRAM_Project
quartus_asm --read_settings_files=off --write_settings_files=off USB2_SDRAM_Project -c USB2_SDRAM_Project
quartus_sta USB2_SDRAM_Project -c USB2_SDRAM_Project
quartus_eda --read_settings_files=off --write_settings_files=off USB2_SDRAM_Project -c USB2_SDRAM_Project



